Pig Stack Trace
---------------
ERROR 1200: <file shipResultsToEs.pig, line 10, column 0>  mismatched input 'input' expecting EOF

org.apache.pig.impl.logicalLayer.FrontendException: ERROR 1000: Error during parsing. <file shipResultsToEs.pig, line 10, column 0>  mismatched input 'input' expecting EOF
	at org.apache.pig.PigServer$Graph.parseQuery(PigServer.java:1607)
	at org.apache.pig.PigServer$Graph.registerQuery(PigServer.java:1546)
	at org.apache.pig.PigServer.registerQuery(PigServer.java:516)
	at org.apache.pig.tools.grunt.GruntParser.processPig(GruntParser.java:991)
	at org.apache.pig.tools.pigscript.parser.PigScriptParser.parse(PigScriptParser.java:412)
	at org.apache.pig.tools.grunt.GruntParser.parseStopOnError(GruntParser.java:194)
	at org.apache.pig.tools.grunt.GruntParser.parseStopOnError(GruntParser.java:170)
	at org.apache.pig.tools.grunt.Grunt.exec(Grunt.java:84)
	at org.apache.pig.Main.run(Main.java:475)
	at org.apache.pig.Main.main(Main.java:157)
Caused by: Failed to parse: <file shipResultsToEs.pig, line 10, column 0>  mismatched input 'input' expecting EOF
	at org.apache.pig.parser.QueryParserDriver.parse(QueryParserDriver.java:235)
	at org.apache.pig.parser.QueryParserDriver.parse(QueryParserDriver.java:177)
	at org.apache.pig.PigServer$Graph.parseQuery(PigServer.java:1599)
	... 9 more
================================================================================
