Pig Stack Trace
---------------
ERROR 1200: Pig script failed to parse: 
<file shipResultsToEs.pig, line 9, column 7> pig script failed to validate: java.lang.RuntimeException: could not instantiate 'TextLoader' with arguments '[
]'

org.apache.pig.impl.logicalLayer.FrontendException: ERROR 1000: Error during parsing. Pig script failed to parse: 
<file shipResultsToEs.pig, line 9, column 7> pig script failed to validate: java.lang.RuntimeException: could not instantiate 'TextLoader' with arguments '[
]'
	at org.apache.pig.PigServer$Graph.parseQuery(PigServer.java:1607)
	at org.apache.pig.PigServer$Graph.registerQuery(PigServer.java:1546)
	at org.apache.pig.PigServer.registerQuery(PigServer.java:516)
	at org.apache.pig.tools.grunt.GruntParser.processPig(GruntParser.java:991)
	at org.apache.pig.tools.pigscript.parser.PigScriptParser.parse(PigScriptParser.java:412)
	at org.apache.pig.tools.grunt.GruntParser.parseStopOnError(GruntParser.java:194)
	at org.apache.pig.tools.grunt.GruntParser.parseStopOnError(GruntParser.java:170)
	at org.apache.pig.tools.grunt.Grunt.exec(Grunt.java:84)
	at org.apache.pig.Main.run(Main.java:475)
	at org.apache.pig.Main.main(Main.java:157)
Caused by: Failed to parse: Pig script failed to parse: 
<file shipResultsToEs.pig, line 9, column 7> pig script failed to validate: java.lang.RuntimeException: could not instantiate 'TextLoader' with arguments '[
]'
	at org.apache.pig.parser.QueryParserDriver.parse(QueryParserDriver.java:191)
	at org.apache.pig.PigServer$Graph.parseQuery(PigServer.java:1599)
	... 9 more
Caused by: 
<file shipResultsToEs.pig, line 9, column 7> pig script failed to validate: java.lang.RuntimeException: could not instantiate 'TextLoader' with arguments '[
]'
	at org.apache.pig.parser.LogicalPlanBuilder.buildLoadOp(LogicalPlanBuilder.java:835)
	at org.apache.pig.parser.LogicalPlanGenerator.load_clause(LogicalPlanGenerator.java:3236)
	at org.apache.pig.parser.LogicalPlanGenerator.op_clause(LogicalPlanGenerator.java:1315)
	at org.apache.pig.parser.LogicalPlanGenerator.general_statement(LogicalPlanGenerator.java:799)
	at org.apache.pig.parser.LogicalPlanGenerator.statement(LogicalPlanGenerator.java:517)
	at org.apache.pig.parser.LogicalPlanGenerator.query(LogicalPlanGenerator.java:392)
	at org.apache.pig.parser.QueryParserDriver.parse(QueryParserDriver.java:184)
	... 10 more
Caused by: java.lang.RuntimeException: could not instantiate 'TextLoader' with arguments '[
]'
	at org.apache.pig.impl.PigContext.instantiateFuncFromSpec(PigContext.java:607)
	at org.apache.pig.parser.LogicalPlanBuilder.buildLoadOp(LogicalPlanBuilder.java:823)
	... 16 more
Caused by: java.lang.NoSuchMethodException: org.apache.pig.builtin.TextLoader.<init>([Ljava.lang.String;)
	at java.lang.Class.getConstructor0(Class.java:2715)
	at java.lang.Class.getConstructor(Class.java:1659)
	at org.apache.pig.impl.PigContext.instantiateFuncFromSpec(PigContext.java:594)
	... 17 more
================================================================================
